# JRE version: Java(TM) SE Runtime Environment (8.0_201-b09) (build 1.8.0_201-b09)
# Java VM: Java HotSpot(TM) 64-Bit Server VM (25.201-b09 mixed mode linux-amd64 compressed oops)
Heap:
 PSYoungGen      total 421888K, used 32792K [0x00000000d7300000, 0x00000000f4a00000, 0x0000000100000000)
  eden space 372736K, 0% used [0x00000000d7300000,0x00000000d7300000,0x00000000edf00000)
  from space 49152K, 66% used [0x00000000edf00000,0x00000000eff06368,0x00000000f0f00000)
  to   space 42496K, 0% used [0x00000000f0f00000,0x00000000f0f00000,0x00000000f3880000)
 ParOldGen       total 139776K, used 78465K [0x0000000085800000, 0x000000008e080000, 0x00000000d7300000)
  object space 139776K, 56% used [0x0000000085800000,0x000000008a4a0658,0x000000008e080000)
 Metaspace       used 49524K, capacity 50558K, committed 50816K, reserved 1093632K
  class space    used 6136K, capacity 6474K, committed 6528K, reserved 1048576K
GC Heap History (10 events):
Event: 10,530 GC heap after
Heap after GC invocations=10 (full 1):
 PSYoungGen      total 261120K, used 11258K [0x00000000d7300000, 0x00000000eb400000, 0x0000000100000000)
  eden space 249856K, 0% used [0x00000000d7300000,0x00000000d7300000,0x00000000e6700000)
  from space 11264K, 99% used [0x00000000e6700000,0x00000000e71fea58,0x00000000e7200000)
  to   space 21504K, 0% used [0x00000000e9f00000,0x00000000e9f00000,0x00000000eb400000)
 ParOldGen       total 63488K, used 37792K [0x0000000085800000, 0x0000000089600000, 0x00000000d7300000)
  object space 63488K, 59% used [0x0000000085800000,0x0000000087ce80b8,0x0000000089600000)
 Metaspace       used 34041K, capacity 34806K, committed 35072K, reserved 1079296K
  class space    used 4006K, capacity 4283K, committed 4352K, reserved 1048576K
}
Event: 11,511 GC heap before
{Heap before GC invocations=11 (full 1):
 PSYoungGen      total 261120K, used 261114K [0x00000000d7300000, 0x00000000eb400000, 0x0000000100000000)
  eden space 249856K, 100% used [0x00000000d7300000,0x00000000e6700000,0x00000000e6700000)
  from space 11264K, 99% used [0x00000000e6700000,0x00000000e71fea58,0x00000000e7200000)
  to   space 21504K, 0% used [0x00000000e9f00000,0x00000000e9f00000,0x00000000eb400000)
 ParOldGen       total 63488K, used 37792K [0x0000000085800000, 0x0000000089600000, 0x00000000d7300000)
  object space 63488K, 59% used [0x0000000085800000,0x0000000087ce80b8,0x0000000089600000)
 Metaspace       used 34045K, capacity 34806K, committed 35072K, reserved 1079296K
  class space    used 4006K, capacity 4283K, committed 4352K, reserved 1048576K
Event: 11,599 GC heap after
Heap after GC invocations=11 (full 1):
 PSYoungGen      total 294400K, used 21473K [0x00000000d7300000, 0x00000000f1c00000, 0x0000000100000000)
  eden space 272896K, 0% used [0x00000000d7300000,0x00000000d7300000,0x00000000e7d80000)
  from space 21504K, 99% used [0x00000000e9f00000,0x00000000eb3f86a0,0x00000000eb400000)
  to   space 34304K, 0% used [0x00000000e7d80000,0x00000000e7d80000,0x00000000e9f00000)
 ParOldGen       total 64512K, used 64048K [0x0000000085800000, 0x0000000089700000, 0x00000000d7300000)
  object space 64512K, 99% used [0x0000000085800000,0x000000008968c1e8,0x0000000089700000)
 Metaspace       used 34045K, capacity 34806K, committed 35072K, reserved 1079296K
  class space    used 4006K, capacity 4283K, committed 4352K, reserved 1048576K
}
Event: 11,599 GC heap before
{Heap before GC invocations=12 (full 2):
 PSYoungGen      total 294400K, used 21473K [0x00000000d7300000, 0x00000000f1c00000, 0x0000000100000000)
  eden space 272896K, 0% used [0x00000000d7300000,0x00000000d7300000,0x00000000e7d80000)
  from space 21504K, 99% used [0x00000000e9f00000,0x00000000eb3f86a0,0x00000000eb400000)
  to   space 34304K, 0% used [0x00000000e7d80000,0x00000000e7d80000,0x00000000e9f00000)
 ParOldGen       total 64512K, used 64048K [0x0000000085800000, 0x0000000089700000, 0x00000000d7300000)
  object space 64512K, 99% used [0x0000000085800000,0x000000008968c1e8,0x0000000089700000)
 Metaspace       used 34045K, capacity 34806K, committed 35072K, reserved 1079296K
  class space    used 4006K, capacity 4283K, committed 4352K, reserved 1048576K
Event: 11,778 GC heap after
Heap after GC invocations=12 (full 2):
 PSYoungGen      total 294400K, used 0K [0x00000000d7300000, 0x00000000f1c00000, 0x0000000100000000)
  eden space 272896K, 0% used [0x00000000d7300000,0x00000000d7300000,0x00000000e7d80000)
  from space 21504K, 0% used [0x00000000e9f00000,0x00000000e9f00000,0x00000000eb400000)
  to   space 34304K, 0% used [0x00000000e7d80000,0x00000000e7d80000,0x00000000e9f00000)
 ParOldGen       total 139776K, used 59505K [0x0000000085800000, 0x000000008e080000, 0x00000000d7300000)
  object space 139776K, 42% used [0x0000000085800000,0x000000008921c420,0x000000008e080000)
 Metaspace       used 34045K, capacity 34806K, committed 35072K, reserved 1079296K
  class space    used 4006K, capacity 4283K, committed 4352K, reserved 1048576K
}
Event: 13,043 GC heap before
{Heap before GC invocations=13 (full 2):
 PSYoungGen      total 294400K, used 272896K [0x00000000d7300000, 0x00000000f1c00000, 0x0000000100000000)
  eden space 272896K, 100% used [0x00000000d7300000,0x00000000e7d80000,0x00000000e7d80000)
  from space 21504K, 0% used [0x00000000e9f00000,0x00000000e9f00000,0x00000000eb400000)
  to   space 34304K, 0% used [0x00000000e7d80000,0x00000000e7d80000,0x00000000e9f00000)
 ParOldGen       total 139776K, used 59505K [0x0000000085800000, 0x000000008e080000, 0x00000000d7300000)
  object space 139776K, 42% used [0x0000000085800000,0x000000008921c420,0x000000008e080000)
 Metaspace       used 34072K, capacity 34876K, committed 35072K, reserved 1079296K
  class space    used 4011K, capacity 4285K, committed 4352K, reserved 1048576K
Event: 13,129 GC heap after
Heap after GC invocations=13 (full 2):
 PSYoungGen      total 307200K, used 34287K [0x00000000d7300000, 0x00000000f3880000, 0x0000000100000000)
  eden space 272896K, 0% used [0x00000000d7300000,0x00000000d7300000,0x00000000e7d80000)
  from space 34304K, 99% used [0x00000000e7d80000,0x00000000e9efbce0,0x00000000e9f00000)
  to   space 42496K, 0% used [0x00000000f0f00000,0x00000000f0f00000,0x00000000f3880000)
 ParOldGen       total 139776K, used 67078K [0x0000000085800000, 0x000000008e080000, 0x00000000d7300000)
  object space 139776K, 47% used [0x0000000085800000,0x0000000089981af8,0x000000008e080000)
 Metaspace       used 34072K, capacity 34876K, committed 35072K, reserved 1079296K
  class space    used 4011K, capacity 4285K, committed 4352K, reserved 1048576K
}
Event: 14,211 GC heap before
{Heap before GC invocations=14 (full 2):
 PSYoungGen      total 307200K, used 307183K [0x00000000d7300000, 0x00000000f3880000, 0x0000000100000000)
  eden space 272896K, 100% used [0x00000000d7300000,0x00000000e7d80000,0x00000000e7d80000)
  from space 34304K, 99% used [0x00000000e7d80000,0x00000000e9efbce0,0x00000000e9f00000)
  to   space 42496K, 0% used [0x00000000f0f00000,0x00000000f0f00000,0x00000000f3880000)
 ParOldGen       total 139776K, used 67078K [0x0000000085800000, 0x000000008e080000, 0x00000000d7300000)
  object space 139776K, 47% used [0x0000000085800000,0x0000000089981af8,0x000000008e080000)
 Metaspace       used 34088K, capacity 34946K, committed 35072K, reserved 1079296K
  class space    used 4013K, capacity 4287K, committed 4352K, reserved 1048576K
Event: 14,278 GC heap after
Heap after GC invocations=14 (full 2):
 PSYoungGen      total 415232K, used 41285K [0x00000000d7300000, 0x00000000f4a00000, 0x0000000100000000)
  eden space 372736K, 0% used [0x00000000d7300000,0x00000000d7300000,0x00000000edf00000)
  from space 42496K, 97% used [0x00000000f0f00000,0x00000000f3751598,0x00000000f3880000)
  to   space 49152K, 0% used [0x00000000edf00000,0x00000000edf00000,0x00000000f0f00000)
 ParOldGen       total 139776K, used 74916K [0x0000000085800000, 0x000000008e080000, 0x00000000d7300000)
  object space 139776K, 53% used [0x0000000085800000,0x000000008a1293f0,0x000000008e080000)
 Metaspace       used 34088K, capacity 34946K, committed 35072K, reserved 1079296K
  class space    used 4013K, capacity 4287K, committed 4352K, reserved 1048576K
}
Event: 18,803 GC heap before
{Heap before GC invocations=15 (full 2):
 PSYoungGen      total 415232K, used 414021K [0x00000000d7300000, 0x00000000f4a00000, 0x0000000100000000)
  eden space 372736K, 100% used [0x00000000d7300000,0x00000000edf00000,0x00000000edf00000)
  from space 42496K, 97% used [0x00000000f0f00000,0x00000000f3751598,0x00000000f3880000)
  to   space 49152K, 0% used [0x00000000edf00000,0x00000000edf00000,0x00000000f0f00000)
 ParOldGen       total 139776K, used 74916K [0x0000000085800000, 0x000000008e080000, 0x00000000d7300000)
  object space 139776K, 53% used [0x0000000085800000,0x000000008a1293f0,0x000000008e080000)
 Metaspace       used 49524K, capacity 50558K, committed 50816K, reserved 1093632K
  class space    used 6136K, capacity 6474K, committed 6528K, reserved 1048576K

