# JRE version: Java(TM) SE Runtime Environment (8.0_201-b09) (build 1.8.0_201-b09)
# Java VM: Java HotSpot(TM) 64-Bit Server VM (25.201-b09 mixed mode linux-amd64 compressed oops)
Heap:
 PSYoungGen      total 415232K, used 32467K [0x00000000d7300000, 0x00000000f4780000, 0x0000000100000000)
  eden space 366592K, 0% used [0x00000000d7300000,0x00000000d7300000,0x00000000ed900000)
  from space 48640K, 66% used [0x00000000ed900000,0x00000000ef8b4f40,0x00000000f0880000)
  to   space 41984K, 0% used [0x00000000f0880000,0x00000000f0880000,0x00000000f3180000)
 ParOldGen       total 137728K, used 79459K [0x0000000085800000, 0x000000008de80000, 0x00000000d7300000)
  object space 137728K, 57% used [0x0000000085800000,0x000000008a598d68,0x000000008de80000)
 Metaspace       used 49447K, capacity 50558K, committed 50816K, reserved 1093632K
  class space    used 6128K, capacity 6474K, committed 6528K, reserved 1048576K
GC Heap History (10 events):
Event: 10,014 GC heap after
Heap after GC invocations=10 (full 1):
 PSYoungGen      total 262144K, used 11747K [0x00000000d7300000, 0x00000000eb400000, 0x0000000100000000)
  eden space 250368K, 0% used [0x00000000d7300000,0x00000000d7300000,0x00000000e6780000)
  from space 11776K, 99% used [0x00000000e6780000,0x00000000e72f8eb0,0x00000000e7300000)
  to   space 21504K, 0% used [0x00000000e9f00000,0x00000000e9f00000,0x00000000eb400000)
 ParOldGen       total 62464K, used 37216K [0x0000000085800000, 0x0000000089500000, 0x00000000d7300000)
  object space 62464K, 59% used [0x0000000085800000,0x0000000087c58208,0x0000000089500000)
 Metaspace       used 34058K, capacity 34870K, committed 35072K, reserved 1079296K
  class space    used 4008K, capacity 4283K, committed 4352K, reserved 1048576K
}
Event: 11,125 GC heap before
{Heap before GC invocations=11 (full 1):
 PSYoungGen      total 262144K, used 262115K [0x00000000d7300000, 0x00000000eb400000, 0x0000000100000000)
  eden space 250368K, 100% used [0x00000000d7300000,0x00000000e6780000,0x00000000e6780000)
  from space 11776K, 99% used [0x00000000e6780000,0x00000000e72f8eb0,0x00000000e7300000)
  to   space 21504K, 0% used [0x00000000e9f00000,0x00000000e9f00000,0x00000000eb400000)
 ParOldGen       total 62464K, used 37216K [0x0000000085800000, 0x0000000089500000, 0x00000000d7300000)
  object space 62464K, 59% used [0x0000000085800000,0x0000000087c58208,0x0000000089500000)
 Metaspace       used 34071K, capacity 34880K, committed 35072K, reserved 1079296K
  class space    used 4009K, capacity 4285K, committed 4352K, reserved 1048576K
Event: 11,200 GC heap after
Heap after GC invocations=11 (full 1):
 PSYoungGen      total 295424K, used 21498K [0x00000000d7300000, 0x00000000f1780000, 0x0000000100000000)
  eden space 273920K, 0% used [0x00000000d7300000,0x00000000d7300000,0x00000000e7e80000)
  from space 21504K, 99% used [0x00000000e9f00000,0x00000000eb3feb10,0x00000000eb400000)
  to   space 33280K, 0% used [0x00000000e7e80000,0x00000000e7e80000,0x00000000e9f00000)
 ParOldGen       total 62464K, used 60397K [0x0000000085800000, 0x0000000089500000, 0x00000000d7300000)
  object space 62464K, 96% used [0x0000000085800000,0x00000000892fb4d0,0x0000000089500000)
 Metaspace       used 34071K, capacity 34880K, committed 35072K, reserved 1079296K
  class space    used 4009K, capacity 4285K, committed 4352K, reserved 1048576K
}
Event: 11,200 GC heap before
{Heap before GC invocations=12 (full 2):
 PSYoungGen      total 295424K, used 21498K [0x00000000d7300000, 0x00000000f1780000, 0x0000000100000000)
  eden space 273920K, 0% used [0x00000000d7300000,0x00000000d7300000,0x00000000e7e80000)
  from space 21504K, 99% used [0x00000000e9f00000,0x00000000eb3feb10,0x00000000eb400000)
  to   space 33280K, 0% used [0x00000000e7e80000,0x00000000e7e80000,0x00000000e9f00000)
 ParOldGen       total 62464K, used 60397K [0x0000000085800000, 0x0000000089500000, 0x00000000d7300000)
  object space 62464K, 96% used [0x0000000085800000,0x00000000892fb4d0,0x0000000089500000)
 Metaspace       used 34071K, capacity 34880K, committed 35072K, reserved 1079296K
  class space    used 4009K, capacity 4285K, committed 4352K, reserved 1048576K
Event: 11,386 GC heap after
Heap after GC invocations=12 (full 2):
 PSYoungGen      total 295424K, used 0K [0x00000000d7300000, 0x00000000f1780000, 0x0000000100000000)
  eden space 273920K, 0% used [0x00000000d7300000,0x00000000d7300000,0x00000000e7e80000)
  from space 21504K, 0% used [0x00000000e9f00000,0x00000000e9f00000,0x00000000eb400000)
  to   space 33280K, 0% used [0x00000000e7e80000,0x00000000e7e80000,0x00000000e9f00000)
 ParOldGen       total 137728K, used 57692K [0x0000000085800000, 0x000000008de80000, 0x00000000d7300000)
  object space 137728K, 41% used [0x0000000085800000,0x00000000890573d8,0x000000008de80000)
 Metaspace       used 34071K, capacity 34880K, committed 35072K, reserved 1079296K
  class space    used 4009K, capacity 4285K, committed 4352K, reserved 1048576K
}
Event: 12,547 GC heap before
{Heap before GC invocations=13 (full 2):
 PSYoungGen      total 295424K, used 273920K [0x00000000d7300000, 0x00000000f1780000, 0x0000000100000000)
  eden space 273920K, 100% used [0x00000000d7300000,0x00000000e7e80000,0x00000000e7e80000)
  from space 21504K, 0% used [0x00000000e9f00000,0x00000000e9f00000,0x00000000eb400000)
  to   space 33280K, 0% used [0x00000000e7e80000,0x00000000e7e80000,0x00000000e9f00000)
 ParOldGen       total 137728K, used 57692K [0x0000000085800000, 0x000000008de80000, 0x00000000d7300000)
  object space 137728K, 41% used [0x0000000085800000,0x00000000890573d8,0x000000008de80000)
 Metaspace       used 34089K, capacity 34946K, committed 35072K, reserved 1079296K
  class space    used 4012K, capacity 4287K, committed 4352K, reserved 1048576K
Event: 12,608 GC heap after
Heap after GC invocations=13 (full 2):
 PSYoungGen      total 307200K, used 33263K [0x00000000d7300000, 0x00000000f3180000, 0x0000000100000000)
  eden space 273920K, 0% used [0x00000000d7300000,0x00000000d7300000,0x00000000e7e80000)
  from space 33280K, 99% used [0x00000000e7e80000,0x00000000e9efbd38,0x00000000e9f00000)
  to   space 41984K, 0% used [0x00000000f0880000,0x00000000f0880000,0x00000000f3180000)
 ParOldGen       total 137728K, used 67616K [0x0000000085800000, 0x000000008de80000, 0x00000000d7300000)
  object space 137728K, 49% used [0x0000000085800000,0x0000000089a08078,0x000000008de80000)
 Metaspace       used 34089K, capacity 34946K, committed 35072K, reserved 1079296K
  class space    used 4012K, capacity 4287K, committed 4352K, reserved 1048576K
}
Event: 13,771 GC heap before
{Heap before GC invocations=14 (full 2):
 PSYoungGen      total 307200K, used 307183K [0x00000000d7300000, 0x00000000f3180000, 0x0000000100000000)
  eden space 273920K, 100% used [0x00000000d7300000,0x00000000e7e80000,0x00000000e7e80000)
  from space 33280K, 99% used [0x00000000e7e80000,0x00000000e9efbd38,0x00000000e9f00000)
  to   space 41984K, 0% used [0x00000000f0880000,0x00000000f0880000,0x00000000f3180000)
 ParOldGen       total 137728K, used 67616K [0x0000000085800000, 0x000000008de80000, 0x00000000d7300000)
  object space 137728K, 49% used [0x0000000085800000,0x0000000089a08078,0x000000008de80000)
 Metaspace       used 34091K, capacity 34946K, committed 35072K, reserved 1079296K
  class space    used 4012K, capacity 4287K, committed 4352K, reserved 1048576K
Event: 13,863 GC heap after
Heap after GC invocations=14 (full 2):
 PSYoungGen      total 408576K, used 41255K [0x00000000d7300000, 0x00000000f4780000, 0x0000000100000000)
  eden space 366592K, 0% used [0x00000000d7300000,0x00000000d7300000,0x00000000ed900000)
  from space 41984K, 98% used [0x00000000f0880000,0x00000000f30c9ff0,0x00000000f3180000)
  to   space 48640K, 0% used [0x00000000ed900000,0x00000000ed900000,0x00000000f0880000)
 ParOldGen       total 137728K, used 75332K [0x0000000085800000, 0x000000008de80000, 0x00000000d7300000)
  object space 137728K, 54% used [0x0000000085800000,0x000000008a191328,0x000000008de80000)
 Metaspace       used 34091K, capacity 34946K, committed 35072K, reserved 1079296K
  class space    used 4012K, capacity 4287K, committed 4352K, reserved 1048576K
}
Event: 21,719 GC heap before
{Heap before GC invocations=15 (full 2):
 PSYoungGen      total 408576K, used 407847K [0x00000000d7300000, 0x00000000f4780000, 0x0000000100000000)
  eden space 366592K, 100% used [0x00000000d7300000,0x00000000ed900000,0x00000000ed900000)
  from space 41984K, 98% used [0x00000000f0880000,0x00000000f30c9ff0,0x00000000f3180000)
  to   space 48640K, 0% used [0x00000000ed900000,0x00000000ed900000,0x00000000f0880000)
 ParOldGen       total 137728K, used 75332K [0x0000000085800000, 0x000000008de80000, 0x00000000d7300000)
  object space 137728K, 54% used [0x0000000085800000,0x000000008a191328,0x000000008de80000)
 Metaspace       used 49447K, capacity 50558K, committed 50816K, reserved 1093632K
  class space    used 6128K, capacity 6474K, committed 6528K, reserved 1048576K

