# JRE version: Java(TM) SE Runtime Environment (8.0_201-b09) (build 1.8.0_201-b09)
# Java VM: Java HotSpot(TM) 64-Bit Server VM (25.201-b09 mixed mode linux-amd64 compressed oops)
Heap:
 PSYoungGen      total 136192K, used 8877K [0x00000000d7300000, 0x00000000e0400000, 0x0000000100000000)
  eden space 125440K, 0% used [0x00000000d7300000,0x00000000d7300000,0x00000000ded80000)
  from space 10752K, 82% used [0x00000000ded80000,0x00000000df62b7f0,0x00000000df800000)
  to   space 9216K, 0% used [0x00000000df800000,0x00000000df800000,0x00000000e0100000)
 ParOldGen       total 84992K, used 10430K [0x0000000085800000, 0x000000008ab00000, 0x00000000d7300000)
  object space 84992K, 12% used [0x0000000085800000,0x000000008622faa8,0x000000008ab00000)
 Metaspace       used 20751K, capacity 21160K, committed 21296K, reserved 1069056K
  class space    used 2571K, capacity 2673K, committed 2688K, reserved 1048576K
GC Heap History (10 events):
Event: 3,072 GC heap after
Heap after GC invocations=2 (full 0):
 PSYoungGen      total 36864K, used 5113K [0x00000000d7300000, 0x00000000d9c00000, 0x0000000100000000)
  eden space 31744K, 0% used [0x00000000d7300000,0x00000000d7300000,0x00000000d9200000)
  from space 5120K, 99% used [0x00000000d9700000,0x00000000d9bfe680,0x00000000d9c00000)
  to   space 5120K, 0% used [0x00000000d9200000,0x00000000d9200000,0x00000000d9700000)
 ParOldGen       total 84992K, used 711K [0x0000000085800000, 0x000000008ab00000, 0x00000000d7300000)
  object space 84992K, 0% used [0x0000000085800000,0x00000000858b1e70,0x000000008ab00000)
 Metaspace       used 11152K, capacity 11368K, committed 11520K, reserved 1058816K
  class space    used 1371K, capacity 1445K, committed 1536K, reserved 1048576K
}
Event: 3,796 GC heap before
{Heap before GC invocations=3 (full 0):
 PSYoungGen      total 36864K, used 36857K [0x00000000d7300000, 0x00000000d9c00000, 0x0000000100000000)
  eden space 31744K, 100% used [0x00000000d7300000,0x00000000d9200000,0x00000000d9200000)
  from space 5120K, 99% used [0x00000000d9700000,0x00000000d9bfe680,0x00000000d9c00000)
  to   space 5120K, 0% used [0x00000000d9200000,0x00000000d9200000,0x00000000d9700000)
 ParOldGen       total 84992K, used 711K [0x0000000085800000, 0x000000008ab00000, 0x00000000d7300000)
  object space 84992K, 0% used [0x0000000085800000,0x00000000858b1e70,0x000000008ab00000)
 Metaspace       used 14370K, capacity 14616K, committed 14720K, reserved 1062912K
  class space    used 1788K, capacity 1873K, committed 1920K, reserved 1048576K
Event: 3,820 GC heap after
Heap after GC invocations=3 (full 0):
 PSYoungGen      total 36864K, used 5112K [0x00000000d7300000, 0x00000000dbb00000, 0x0000000100000000)
  eden space 31744K, 0% used [0x00000000d7300000,0x00000000d7300000,0x00000000d9200000)
  from space 5120K, 99% used [0x00000000d9200000,0x00000000d96fe180,0x00000000d9700000)
  to   space 5120K, 0% used [0x00000000db600000,0x00000000db600000,0x00000000dbb00000)
 ParOldGen       total 84992K, used 2426K [0x0000000085800000, 0x000000008ab00000, 0x00000000d7300000)
  object space 84992K, 2% used [0x0000000085800000,0x0000000085a5e8a0,0x000000008ab00000)
 Metaspace       used 14370K, capacity 14616K, committed 14720K, reserved 1062912K
  class space    used 1788K, capacity 1873K, committed 1920K, reserved 1048576K
}
Event: 5,645 GC heap before
{Heap before GC invocations=4 (full 0):
 PSYoungGen      total 36864K, used 36856K [0x00000000d7300000, 0x00000000dbb00000, 0x0000000100000000)
  eden space 31744K, 100% used [0x00000000d7300000,0x00000000d9200000,0x00000000d9200000)
  from space 5120K, 99% used [0x00000000d9200000,0x00000000d96fe180,0x00000000d9700000)
  to   space 5120K, 0% used [0x00000000db600000,0x00000000db600000,0x00000000dbb00000)
 ParOldGen       total 84992K, used 2426K [0x0000000085800000, 0x000000008ab00000, 0x00000000d7300000)
  object space 84992K, 2% used [0x0000000085800000,0x0000000085a5e8a0,0x000000008ab00000)
 Metaspace       used 15616K, capacity 15944K, committed 16128K, reserved 1062912K
  class space    used 1902K, capacity 2009K, committed 2048K, reserved 1048576K
Event: 5,674 GC heap after
Heap after GC invocations=4 (full 0):
 PSYoungGen      total 68608K, used 5104K [0x00000000d7300000, 0x00000000dbb00000, 0x0000000100000000)
  eden space 63488K, 0% used [0x00000000d7300000,0x00000000d7300000,0x00000000db100000)
  from space 5120K, 99% used [0x00000000db600000,0x00000000dbafc070,0x00000000dbb00000)
  to   space 5120K, 0% used [0x00000000db100000,0x00000000db100000,0x00000000db600000)
 ParOldGen       total 84992K, used 5121K [0x0000000085800000, 0x000000008ab00000, 0x00000000d7300000)
  object space 84992K, 6% used [0x0000000085800000,0x0000000085d00508,0x000000008ab00000)
 Metaspace       used 15616K, capacity 15944K, committed 16128K, reserved 1062912K
  class space    used 1902K, capacity 2009K, committed 2048K, reserved 1048576K
}
Event: 7,647 GC heap before
{Heap before GC invocations=5 (full 0):
 PSYoungGen      total 68608K, used 68592K [0x00000000d7300000, 0x00000000dbb00000, 0x0000000100000000)
  eden space 63488K, 100% used [0x00000000d7300000,0x00000000db100000,0x00000000db100000)
  from space 5120K, 99% used [0x00000000db600000,0x00000000dbafc070,0x00000000dbb00000)
  to   space 5120K, 0% used [0x00000000db100000,0x00000000db100000,0x00000000db600000)
 ParOldGen       total 84992K, used 5121K [0x0000000085800000, 0x000000008ab00000, 0x00000000d7300000)
  object space 84992K, 6% used [0x0000000085800000,0x0000000085d00508,0x000000008ab00000)
 Metaspace       used 16027K, capacity 16432K, committed 16640K, reserved 1064960K
  class space    used 1908K, capacity 2015K, committed 2048K, reserved 1048576K
Event: 7,672 GC heap after
Heap after GC invocations=5 (full 0):
 PSYoungGen      total 68608K, used 5104K [0x00000000d7300000, 0x00000000e0100000, 0x0000000100000000)
  eden space 63488K, 0% used [0x00000000d7300000,0x00000000d7300000,0x00000000db100000)
  from space 5120K, 99% used [0x00000000db100000,0x00000000db5fc030,0x00000000db600000)
  to   space 9216K, 0% used [0x00000000df800000,0x00000000df800000,0x00000000e0100000)
 ParOldGen       total 84992K, used 7994K [0x0000000085800000, 0x000000008ab00000, 0x00000000d7300000)
  object space 84992K, 9% used [0x0000000085800000,0x0000000085fce8d0,0x000000008ab00000)
 Metaspace       used 16027K, capacity 16432K, committed 16640K, reserved 1064960K
  class space    used 1908K, capacity 2015K, committed 2048K, reserved 1048576K
}
Event: 21,257 GC heap before
{Heap before GC invocations=6 (full 0):
 PSYoungGen      total 68608K, used 68592K [0x00000000d7300000, 0x00000000e0100000, 0x0000000100000000)
  eden space 63488K, 100% used [0x00000000d7300000,0x00000000db100000,0x00000000db100000)
  from space 5120K, 99% used [0x00000000db100000,0x00000000db5fc030,0x00000000db600000)
  to   space 9216K, 0% used [0x00000000df800000,0x00000000df800000,0x00000000e0100000)
 ParOldGen       total 84992K, used 7994K [0x0000000085800000, 0x000000008ab00000, 0x00000000d7300000)
  object space 84992K, 9% used [0x0000000085800000,0x0000000085fce8d0,0x000000008ab00000)
 Metaspace       used 18536K, capacity 19016K, committed 19328K, reserved 1067008K
  class space    used 2206K, capacity 2321K, committed 2432K, reserved 1048576K
Event: 21,337 GC heap after
Heap after GC invocations=6 (full 0):
 PSYoungGen      total 134656K, used 9203K [0x00000000d7300000, 0x00000000e0400000, 0x0000000100000000)
  eden space 125440K, 0% used [0x00000000d7300000,0x00000000d7300000,0x00000000ded80000)
  from space 9216K, 99% used [0x00000000df800000,0x00000000e00fcff0,0x00000000e0100000)
  to   space 10752K, 0% used [0x00000000ded80000,0x00000000ded80000,0x00000000df800000)
 ParOldGen       total 84992K, used 8894K [0x0000000085800000, 0x000000008ab00000, 0x00000000d7300000)
  object space 84992K, 10% used [0x0000000085800000,0x00000000860afa28,0x000000008ab00000)
 Metaspace       used 18536K, capacity 19016K, committed 19328K, reserved 1067008K
  class space    used 2206K, capacity 2321K, committed 2432K, reserved 1048576K
}
Event: 22,445 GC heap before
{Heap before GC invocations=7 (full 0):
 PSYoungGen      total 134656K, used 29209K [0x00000000d7300000, 0x00000000e0400000, 0x0000000100000000)
  eden space 125440K, 15% used [0x00000000d7300000,0x00000000d86894a0,0x00000000ded80000)
  from space 9216K, 99% used [0x00000000df800000,0x00000000e00fcff0,0x00000000e0100000)
  to   space 10752K, 0% used [0x00000000ded80000,0x00000000ded80000,0x00000000df800000)
 ParOldGen       total 84992K, used 8894K [0x0000000085800000, 0x000000008ab00000, 0x00000000d7300000)
  object space 84992K, 10% used [0x0000000085800000,0x00000000860afa28,0x000000008ab00000)
 Metaspace       used 20751K, capacity 21160K, committed 21296K, reserved 1069056K
  class space    used 2571K, capacity 2673K, committed 2688K, reserved 1048576K

